20:04:27 **** Build of configuration Debug for project datastore ****
make all 
Building file: ../src/data_store.cpp
Invoking: GCC C++ Compiler
g++ -std=c++0x -pthread -I"/home/christopher/Desktop/String_Parser/crypto" -O0 -g3 -Wall -c -fmessage-length=0 -std=c++11 -MMD -MP -MF"src/data_store.d" -MT"src/data_store.o" -o "src/data_store.o" "../src/data_store.cpp"
Finished building: ../src/data_store.cpp
 
Building file: ../src/data_store_file.cpp
Invoking: GCC C++ Compiler
g++ -std=c++0x -pthread -I"/home/christopher/Desktop/String_Parser/crypto" -O0 -g3 -Wall -c -fmessage-length=0 -std=c++11 -MMD -MP -MF"src/data_store_file.d" -MT"src/data_store_file.o" -o "src/data_store_file.o" "../src/data_store_file.cpp"
Finished building: ../src/data_store_file.cpp
 
Building file: ../src/string_data.cpp
Invoking: GCC C++ Compiler
g++ -std=c++0x -pthread -I"/home/christopher/Desktop/String_Parser/crypto" -O0 -g3 -Wall -c -fmessage-length=0 -std=c++11 -MMD -MP -MF"src/string_data.d" -MT"src/string_data.o" -o "src/string_data.o" "../src/string_data.cpp"
Finished building: ../src/string_data.cpp
 
Building target: libdatastore.a
Invoking: GCC Archiver
ar -r  "libdatastore.a"  ./src/data_store.o ./src/data_store_file.o ./src/string_data.o   
ar: creating libdatastore.a
Finished building target: libdatastore.a
 

20:04:29 Build Finished (took 2s.29ms)

